c75da15120cae983c83ea84794c6fe51|Matt Poole|develop|Mon Jun  3 16:09:07 EDT 2024|./composer.sh require drupal/scheduler:^2.0
8001964cf3c5eaae6d009bd8ca86eed4|Matt Poole|develop|Mon Jun  3 16:10:55 EDT 2024|./composer.sh require drupal/scheduler_content_moderation_integration:^2.0@beta
05cbda64d7e4237d4ba7155d4bc38a32|Matt Poole|develop|Fri Jun  7 12:55:03 EDT 2024|./composer.sh require drupal/embedded_content:^2.0@alpha
f08252a824a7f38e121910998c311002|Matt Poole|develop|Tue Jun 11 11:12:11 EDT 2024|./composer.sh require drupal/require_revision_log_message:^2.0
33f34aaece601416b746d1f013ac2ac6|Matt Poole|develop|Tue Jun 11 12:30:50 EDT 2024|./composer.sh require drupal/field_permissions:^1.3
4fa72127ff263f4cc1f3428af1952aa1|Matt Poole|develop|Wed Jun 12 19:44:19 EDT 2024|./composer.sh require drupal/ckeditor5_embedded_content
475bba98377d08dd27afee97ad5d2d25|Matt Poole|develop|Wed Jun 12 19:48:42 EDT 2024|./composer.sh require drupal/uswds_templates:^3.0@dev
bd188b544a4fe1c3f347f6b125585b17|Matt Poole|develop|Wed Jun 12 19:49:23 EDT 2024|./composer.sh require drupal/twig_tweak
0cea129a03092a1dd33ce1a3ba48b184|Matt Poole|develop|Wed Jun 12 19:51:14 EDT 2024|./composer.sh require drupal/linkit
3e8cd2f47a1a10650ee5488c88cfad9b|Matt Poole|develop|Tue Jul  2 13:27:16 EDT 2024|./composer.sh require drupal/content_moderation_notifications:^3.6
abe3fa91a2c15b6b571ea0c019e2daf7|Matt Poole|develop|Tue Jul  2 13:35:21 EDT 2024|./composer.sh require drupal/maillog
23ef02af0f842a216c54ec0bd469e3d1|Matt Poole|develop|Tue Jul  2 13:41:08 EDT 2024|./composer.sh require drupal/mailsystem
ae2759e9c45acbf0d8378d04e842d0a8|Matt Poole|develop|Tue Jul  2 13:45:43 EDT 2024|./composer.sh require drupal/maillog:dev-1.x
579caa649444081ab37a8552cdd0411e|Matt Poole|feature/update-deps|Thu Sep 26 10:10:52 EDT 2024|./composer.sh require mattsqd/drupal-env:dev-main
3b53a72eee437f256a7c519f1cbbacdb|Matt Poole|feature/update-deps|Thu Sep 26 10:11:13 EDT 2024|./composer.sh require mattsqd/drupal-env-lando:dev-main
51b1db8a23eabb3f084cd6f4caac2351|Matt Poole|feature/update-deps|Thu Sep 26 10:14:06 EDT 2024|./composer.sh update
988761caf540bfc9c7d6bdb1d884208d|Matt Poole|feature/default-content|Fri Sep 27 13:52:06 EDT 2024|./composer.sh require drupal/default_content:^2.0@alpha
3c60f8865d24ef2346cc2379cf42e591|Matt Poole|feature/1942-convert-callback|Fri Oct  4 10:49:29 EDT 2024|./composer.sh require league/commonmark
8a86ff66fb8673b6889c9c4b0ab02673|Christian Medders|feature/config-content-types|Fri Oct 11 10:58:09 EDT 2024|./composer.sh require drupal/field_group
4df8b37fbf31532557c120dddc00593b|Cathy Baptista|feature/dg-26-add-paragraphs-to-content-types|Fri Oct 11 12:00:34 EDT 2024|./composer.sh require drupal/paragraphs
834a753fafaa65adba97795d28e5f6b0|Christian Medders|feature/dg-25-enable-auto-complete|Tue Oct 15 14:25:50 EDT 2024|./composer.sh require drupal/inline_entity_form:^3.0@RC
85ee634efd1237c31d3f2d88c373a543|Matt Poole|feature/DIGITAL-36-validate-action|Thu Oct 17 16:16:53 EDT 2024|./composer.sh require mattsqd/robovalidate:@alpha
19cf61801de888c57552ec84d66ac668|christian medders|feature/dg-28-shortcode-embed|Wed Oct 16 15:12:23 EDT 2024|./composer.sh require drupal/embedded_content:^2.0
5cef6cc07d3331402a059556429ad233|christian medders|feature/dg-28-shortcode-embed|Wed Oct 16 15:53:48 EDT 2024|./composer.sh remove drupal/ckeditor5_embedded_content
ea93266b87251a27fec5df04a3cbd5d0|Matt Poole|feature/DIGITAL-28-shortcode-embed|Thu Oct 24 16:50:38 EDT 2024|./composer.sh require drupal/multivalue_form_element:@beta
90c5ee5cfbe63ac6954ed970139ed378|Matt Poole|feature/DIGITAL-45-roles-and-perms|Tue Nov  5 10:26:54 EST 2024|./composer.sh require drupal/remove_username:^1.5
5221f503d2bf9ec96f0acb4d425c1afa|Matt Poole|feature/DIGITAL-45-roles-and-perms|Tue Nov  5 12:50:14 EST 2024|./composer.sh require drupal/override_node_options
2c4015cb5bdeefb05c1994e70b9762f1|Matt Poole|feature/DIGITAL-45-roles-and-perms|Wed Nov  6 09:44:05 EST 2024|./composer.sh require drupal/disable_user_1_edit:^1.6
19e48982b7d8f46673a705bf49e7b861|Matt Poole|feature/DIGITAL-45-roles-and-perms|Wed Nov  6 09:56:09 EST 2024|./composer.sh require drupal/vbo_workflow_transition:1.0.x-dev@dev
3d742a578663c259c7f20fe529971425|Matt Poole|feature/DIGITAL-45-roles-and-perms|Wed Nov  6 09:56:58 EST 2024|./composer.sh require drupal/views_bulk_operations
1eaf30055796759652004514d15f30d9|christian medders|feature/DIGITAL-31-sitemap-path-auto|Fri Nov  8 14:03:39 EST 2024|./composer.sh require drupal/pathauto:^1.13
58d882c244d0e746a3ad90844a2f361f|christian medders|feature/DIGITAL-31-sitemap-path-auto|Fri Nov  8 14:05:23 EST 2024|./composer.sh require drupal/xmlsitemap:^1.5
94cea224856de297893b41cdaa146ef8|christian medders|feature/DIGITAL-38-migrate-shortcodes|Fri Nov  8 10:32:48 EST 2024|./composer.sh require drupal/twig_field_value
464e1ed27d945bb31dcb7a3d79a19d13|Matt Poole|feature/DIGITAL-38-migrate-shortcodes|Tue Nov 12 16:04:45 UTC 2024|./composer.sh update --lock
a3aae667a10facf2a874949c5870c540|cathybaptista|feature/DIGITAL-95-install-breadcrumbs|Sun Nov 17 20:16:52 EST 2024|./composer.sh require drupal/pathauto
dd4fcf0da0bbfbbdb2424df0198e3011|cathybaptista|feature/DIGITAL-95-install-breadcrumbs|Sun Nov 17 20:25:34 EST 2024|./composer.sh require drupal/easy_breadcrumb
b651cd0353960c55604adaeb24ec17b6|cathybaptista|feature/DIGITAL-95-install-breadcrumbs|Sun Nov 17 20:26:00 EST 2024|./composer.sh require drupal/redirect
e477124413638eb92702226a7d6fe68b|Matt Poole|feature/DIGITAL-95-install-breadcrumbs|Thu Nov 21 18:51:39 UTC 2024|./composer.sh update --lock
080d581f580dab5b8ce5b074c6156528|cathybaptista|feature/DIGITAL-118-configure-metatags|Mon Nov 25 12:23:24 EST 2024|./composer.sh require drupal/metatag
771ccc3b38ecf748015f82a310b57dc2|cathybaptista|HEAD|Wed Nov 27 15:27:39 EST 2024|./composer.sh require drupal/metatag
